TN:
SF:src/App.js
FN:28,(anonymous_0)
FN:39,App
FNF:2
FNH:2
FNDA:1,(anonymous_0)
FNDA:1,App
DA:14,1
DA:28,1
DA:40,1
DA:42,1
LF:4
LH:4
BRF:0
BRH:0
end_of_record
TN:
SF:src/components/Listagem/Listagem.jsx
FN:6,Listagem
FN:15,(anonymous_1)
FN:33,(anonymous_2)
FNF:3
FNH:3
FNDA:25,Listagem
FNDA:25,(anonymous_1)
FNDA:2,(anonymous_2)
DA:15,25
DA:24,25
DA:26,25
DA:33,2
DA:71,6
LF:5
LH:5
BRF:0
BRH:0
end_of_record
TN:
SF:src/components/Listagem/index.js
FNF:0
FNH:0
LF:0
LH:0
BRF:0
BRH:0
end_of_record
TN:
SF:src/components/MenuLateral/MenuLateral.jsx
FN:22,(anonymous_0)
FN:54,MenuLateral
FN:59,(anonymous_2)
FN:66,(anonymous_3)
FN:77,(anonymous_4)
FNF:5
FNH:5
FNDA:3,(anonymous_0)
FNDA:4,MenuLateral
FNDA:1,(anonymous_2)
FNDA:8,(anonymous_3)
FNDA:16,(anonymous_4)
DA:20,2
DA:22,3
DA:55,4
DA:56,4
DA:57,4
DA:59,4
DA:60,1
DA:64,4
DA:67,8
DA:78,16
DA:89,4
DA:147,2
LF:12
LH:12
BRDA:69,0,0,4
BRDA:69,0,1,4
BRDA:80,1,0,8
BRDA:80,1,1,8
BRDA:114,2,0,0
BRDA:114,2,1,4
BRF:6
BRH:5
end_of_record
TN:
SF:src/pages/Dashboard/Dashboard.jsx
FN:5,Dashboard
FN:29,(anonymous_1)
FN:31,carregarMarcas
FN:32,(anonymous_3)
FN:38,(anonymous_4)
FNF:5
FNH:5
FNDA:5,Dashboard
FNDA:3,(anonymous_1)
FNDA:3,carregarMarcas
FNDA:2,(anonymous_3)
FNDA:1,(anonymous_4)
DA:6,5
DA:26,5
DA:27,5
DA:29,5
DA:32,3
DA:35,5
DA:39,1
LF:7
LH:7
BRDA:37,0,0,1
BRDA:37,0,1,4
BRDA:37,1,0,5
BRDA:37,1,1,5
BRF:4
BRH:4
end_of_record
TN:
SF:src/pages/Dashboard/index.js
FNF:0
FNH:0
LF:0
LH:0
BRF:0
BRH:0
end_of_record
TN:
SF:src/pages/Marca/index.js
FNF:0
FNH:0
LF:0
LH:0
BRF:0
BRH:0
end_of_record
TN:
SF:src/pages/Marca/CadastroMarca/CadastroMarca.jsx
FN:7,(anonymous_0)
FN:17,CadastroMarca
FN:26,(anonymous_2)
FN:37,cancelar
FN:41,(anonymous_4)
FN:43,(anonymous_5)
FN:53,(anonymous_6)
FN:57,(anonymous_7)
FN:62,(anonymous_8)
FN:72,(anonymous_9)
FNF:10
FNH:9
FNDA:6,(anonymous_0)
FNDA:13,CadastroMarca
FNDA:4,(anonymous_2)
FNDA:1,cancelar
FNDA:6,(anonymous_4)
FNDA:0,(anonymous_5)
FNDA:2,(anonymous_6)
FNDA:1,(anonymous_7)
FNDA:1,(anonymous_8)
FNDA:4,(anonymous_9)
DA:7,6
DA:18,13
DA:19,13
DA:21,13
DA:23,13
DA:25,13
DA:27,4
DA:28,1
DA:31,3
DA:35,13
DA:38,1
DA:41,13
DA:42,6
DA:43,1
DA:47,13
DA:54,2
DA:55,2
DA:56,2
DA:57,1
DA:58,1
DA:62,1
DA:63,1
DA:64,1
DA:72,4
LF:24
LH:24
BRDA:27,0,0,1
BRDA:27,0,1,3
BRDA:27,1,0,4
BRDA:27,1,1,2
BRDA:42,2,0,1
BRDA:42,2,1,5
BRDA:50,3,0,2
BRDA:50,3,1,11
BRDA:55,4,0,2
BRDA:55,4,1,0
BRDA:56,5,0,1
BRDA:56,5,1,1
BRDA:104,6,0,2
BRDA:104,6,1,11
BRF:14
BRH:13
end_of_record
TN:
SF:src/pages/Marca/CadastroMarca/index.js
FNF:0
FNH:0
LF:0
LH:0
BRF:0
BRH:0
end_of_record
TN:
SF:src/pages/Marca/ListagemMarca/ListagemMarcas.jsx
FN:8,(anonymous_0)
FN:13,excluir
FN:14,(anonymous_2)
FN:21,(anonymous_3)
FN:23,carregarMarcas
FN:24,(anonymous_5)
FN:29,(anonymous_6)
FN:31,(anonymous_7)
FNF:8
FNH:8
FNDA:18,(anonymous_0)
FNDA:1,excluir
FNDA:1,(anonymous_2)
FNDA:7,(anonymous_3)
FNDA:8,carregarMarcas
FNDA:7,(anonymous_5)
FNDA:1,(anonymous_6)
FNDA:1,(anonymous_7)
DA:6,2
DA:8,2
DA:9,18
DA:10,17
DA:11,17
DA:14,1
DA:15,1
DA:16,1
DA:21,17
DA:24,8
DA:27,17
DA:29,1
DA:31,1
LF:13
LH:13
BRF:0
BRH:0
end_of_record
TN:
SF:src/pages/Marca/ListagemMarca/index.js
FNF:0
FNH:0
LF:0
LH:0
BRF:0
BRH:0
end_of_record
TN:
SF:src/pages/Usuarios/index.js
FNF:0
FNH:0
LF:0
LH:0
BRF:0
BRH:0
end_of_record
TN:
SF:src/pages/Usuarios/validacoes.js
FN:1,validarEmail
FN:9,validarSenha
FN:19,confirmarSenha
FN:31,validarPreenchimento
FNF:4
FNH:4
FNDA:14,validarEmail
FNDA:18,validarSenha
FNDA:4,confirmarSenha
FNDA:5,validarPreenchimento
DA:2,14
DA:3,12
DA:6,2
DA:10,18
DA:11,13
DA:13,5
DA:20,4
DA:21,1
DA:26,3
DA:32,5
DA:33,5
DA:38,0
LF:12
LH:11
BRDA:2,0,0,12
BRDA:2,0,1,2
BRDA:10,1,0,13
BRDA:10,1,1,5
BRDA:10,2,0,18
BRDA:10,2,1,17
BRDA:20,3,0,1
BRDA:20,3,1,3
BRDA:32,4,0,5
BRDA:32,4,1,0
BRF:10
BRH:9
end_of_record
TN:
SF:src/pages/Usuarios/Cadastro/Cadastro.jsx
FN:9,(anonymous_0)
FN:19,(anonymous_1)
FN:20,(anonymous_2)
FN:21,(anonymous_3)
FN:35,(anonymous_4)
FN:42,(anonymous_5)
FN:45,(anonymous_6)
FN:53,(anonymous_7)
FN:70,(anonymous_8)
FN:87,(anonymous_9)
FN:117,(anonymous_10)
FN:126,(anonymous_11)
FNF:12
FNH:11
FNDA:171,(anonymous_0)
FNDA:7,(anonymous_1)
FNDA:14,(anonymous_2)
FNDA:5,(anonymous_3)
FNDA:3,(anonymous_4)
FNDA:1,(anonymous_5)
FNDA:1,(anonymous_6)
FNDA:61,(anonymous_7)
FNDA:41,(anonymous_8)
FNDA:41,(anonymous_9)
FNDA:1,(anonymous_10)
FNDA:0,(anonymous_11)
DA:9,3
DA:10,171
DA:11,171
DA:12,171
DA:14,171
DA:16,171
DA:18,171
DA:19,7
DA:20,14
DA:22,5
DA:23,5
DA:24,1
DA:26,4
DA:30,171
DA:32,171
DA:36,3
DA:37,3
DA:38,3
DA:43,1
DA:46,1
DA:53,61
DA:70,41
DA:87,41
DA:117,1
DA:126,0
LF:25
LH:24
BRDA:23,0,0,1
BRDA:23,0,1,4
BRDA:37,1,0,3
BRDA:37,1,1,0
BRF:4
BRH:3
end_of_record
TN:
SF:src/pages/Usuarios/Cadastro/index.js
FNF:0
FNH:0
LF:0
LH:0
BRF:0
BRH:0
end_of_record
TN:
SF:src/pages/Usuarios/ListagemUsuario/ListagemUsuario.jsx
FN:8,(anonymous_0)
FN:13,alterar
FN:17,excluir
FN:18,(anonymous_3)
FN:25,(anonymous_4)
FN:27,carregarUsuarios
FN:28,(anonymous_6)
FN:35,(anonymous_7)
FNF:8
FNH:4
FNDA:4,(anonymous_0)
FNDA:0,alterar
FNDA:0,excluir
FNDA:0,(anonymous_3)
FNDA:3,(anonymous_4)
FNDA:3,carregarUsuarios
FNDA:1,(anonymous_6)
FNDA:0,(anonymous_7)
DA:6,4
DA:8,4
DA:9,4
DA:10,4
DA:11,4
DA:14,0
DA:18,0
DA:19,0
DA:20,0
DA:25,4
DA:28,3
DA:31,4
DA:35,0
LF:13
LH:8
BRF:0
BRH:0
end_of_record
TN:
SF:src/pages/Usuarios/Login/Login.jsx
FN:9,(anonymous_0)
FN:18,(anonymous_1)
FN:19,(anonymous_2)
FN:27,(anonymous_3)
FN:34,(anonymous_4)
FN:38,(anonymous_5)
FN:46,(anonymous_6)
FN:62,(anonymous_7)
FN:91,(anonymous_8)
FNF:9
FNH:8
FNDA:117,(anonymous_0)
FNDA:7,(anonymous_1)
FNDA:4,(anonymous_2)
FNDA:2,(anonymous_3)
FNDA:1,(anonymous_4)
FNDA:1,(anonymous_5)
FNDA:61,(anonymous_6)
FNDA:38,(anonymous_7)
FNDA:0,(anonymous_8)
DA:9,3
DA:10,117
DA:11,117
DA:13,117
DA:15,117
DA:17,117
DA:18,7
DA:19,4
DA:22,117
DA:24,117
DA:28,2
DA:29,2
DA:30,2
DA:35,1
DA:36,1
DA:39,1
DA:46,61
DA:62,38
DA:91,0
LF:19
LH:18
BRDA:29,0,0,2
BRDA:29,0,1,0
BRF:2
BRH:1
end_of_record
TN:
SF:src/pages/Usuarios/Login/index.js
FNF:0
FNH:0
LF:0
LH:0
BRF:0
BRH:0
end_of_record
TN:
SF:src/pages/Veiculos/index.js
FNF:0
FNH:0
LF:0
LH:0
BRF:0
BRH:0
end_of_record
TN:
SF:src/pages/Veiculos/CadastroVeiculos/CadastroVeiculos.jsx
FN:16,(anonymous_0)
FN:26,(anonymous_1)
FN:27,(anonymous_2)
FN:33,(anonymous_3)
FN:34,(anonymous_4)
FN:35,(anonymous_5)
FN:36,(anonymous_6)
FN:53,(anonymous_7)
FN:56,(anonymous_8)
FN:65,(anonymous_9)
FN:80,(anonymous_10)
FN:96,(anonymous_11)
FN:125,(anonymous_12)
FN:134,(anonymous_13)
FNF:14
FNH:10
FNDA:25,(anonymous_0)
FNDA:3,(anonymous_1)
FNDA:2,(anonymous_2)
FNDA:0,(anonymous_3)
FNDA:2,(anonymous_4)
FNDA:2,(anonymous_5)
FNDA:1,(anonymous_6)
FNDA:0,(anonymous_7)
FNDA:44,(anonymous_8)
FNDA:6,(anonymous_9)
FNDA:4,(anonymous_10)
FNDA:5,(anonymous_11)
FNDA:0,(anonymous_12)
FNDA:0,(anonymous_13)
DA:16,2
DA:17,25
DA:18,25
DA:19,25
DA:20,25
DA:21,25
DA:22,25
DA:24,25
DA:26,25
DA:27,3
DA:28,2
DA:32,25
DA:33,0
DA:34,2
DA:35,2
DA:36,1
DA:39,25
DA:41,25
DA:53,0
DA:57,44
DA:65,6
DA:80,4
DA:96,5
DA:125,0
DA:134,0
LF:25
LH:21
BRF:0
BRH:0
end_of_record
TN:
SF:src/pages/Veiculos/ListagemVeiculos/ListagemVeiculos.jsx
FN:13,(anonymous_0)
FN:18,alterar
FN:22,excluir
FN:23,(anonymous_3)
FN:30,(anonymous_4)
FN:32,carregarVeiculos
FN:33,(anonymous_6)
FN:40,(anonymous_7)
FNF:8
FNH:4
FNDA:4,(anonymous_0)
FNDA:0,alterar
FNDA:0,excluir
FNDA:0,(anonymous_3)
FNDA:3,(anonymous_4)
FNDA:3,carregarVeiculos
FNDA:1,(anonymous_6)
FNDA:0,(anonymous_7)
DA:6,2
DA:13,2
DA:14,4
DA:15,4
DA:16,4
DA:19,0
DA:23,0
DA:24,0
DA:25,0
DA:30,4
DA:33,3
DA:36,4
DA:40,0
LF:13
LH:8
BRF:0
BRH:0
end_of_record
TN:
SF:src/services/Auth/AuthService.js
FN:2,(anonymous_0)
FN:8,(anonymous_1)
FN:9,(anonymous_2)
FN:11,(anonymous_3)
FN:17,(anonymous_4)
FN:18,(anonymous_5)
FNF:6
FNH:6
FNDA:2,(anonymous_0)
FNDA:1,(anonymous_1)
FNDA:1,(anonymous_2)
FNDA:2,(anonymous_3)
FNDA:1,(anonymous_4)
FNDA:1,(anonymous_5)
DA:1,4
DA:3,2
DA:8,1
DA:9,1
DA:12,2
DA:17,1
DA:18,1
LF:7
LH:7
BRF:0
BRH:0
end_of_record
TN:
SF:src/services/Marca/MarcaService.js
FN:2,(anonymous_0)
FN:9,(anonymous_1)
FN:12,(anonymous_2)
FN:19,(anonymous_3)
FN:22,(anonymous_4)
FN:23,(anonymous_5)
FN:26,(anonymous_6)
FN:27,(anonymous_7)
FN:30,(anonymous_8)
FN:34,(anonymous_9)
FNF:10
FNH:10
FNDA:1,(anonymous_0)
FNDA:1,(anonymous_1)
FNDA:1,(anonymous_2)
FNDA:1,(anonymous_3)
FNDA:2,(anonymous_4)
FNDA:1,(anonymous_5)
FNDA:4,(anonymous_6)
FNDA:1,(anonymous_7)
FNDA:1,(anonymous_8)
FNDA:1,(anonymous_9)
DA:1,6
DA:3,1
DA:9,1
DA:13,1
DA:19,1
DA:23,2
DA:27,4
DA:31,1
DA:34,1
LF:9
LH:9
BRF:0
BRH:0
end_of_record
TN:
SF:src/services/UsuarioService/UsuarioService.js
FN:2,(anonymous_0)
FN:9,(anonymous_1)
FN:12,(anonymous_2)
FN:19,(anonymous_3)
FN:22,(anonymous_4)
FN:23,(anonymous_5)
FN:26,(anonymous_6)
FN:27,(anonymous_7)
FN:30,(anonymous_8)
FN:33,(anonymous_9)
FNF:10
FNH:10
FNDA:1,(anonymous_0)
FNDA:1,(anonymous_1)
FNDA:1,(anonymous_2)
FNDA:1,(anonymous_3)
FNDA:1,(anonymous_4)
FNDA:1,(anonymous_5)
FNDA:4,(anonymous_6)
FNDA:2,(anonymous_7)
FNDA:1,(anonymous_8)
FNDA:1,(anonymous_9)
DA:1,5
DA:3,1
DA:9,1
DA:13,1
DA:19,1
DA:23,1
DA:27,4
DA:31,1
DA:33,1
LF:9
LH:9
BRF:0
BRH:0
end_of_record
TN:
SF:src/services/Veiculo/VeiculoService.js
FN:2,(anonymous_0)
FN:9,(anonymous_1)
FN:12,(anonymous_2)
FN:19,(anonymous_3)
FN:22,(anonymous_4)
FN:23,(anonymous_5)
FN:26,(anonymous_6)
FN:27,(anonymous_7)
FN:30,(anonymous_8)
FN:33,(anonymous_9)
FNF:10
FNH:10
FNDA:1,(anonymous_0)
FNDA:1,(anonymous_1)
FNDA:1,(anonymous_2)
FNDA:1,(anonymous_3)
FNDA:1,(anonymous_4)
FNDA:1,(anonymous_5)
FNDA:4,(anonymous_6)
FNDA:2,(anonymous_7)
FNDA:1,(anonymous_8)
FNDA:1,(anonymous_9)
DA:1,3
DA:3,1
DA:9,1
DA:13,1
DA:19,1
DA:23,1
DA:27,4
DA:31,1
DA:33,1
LF:9
LH:9
BRF:0
BRH:0
end_of_record
